<?xml version="1.0" encoding="UTF-8"?>
<!-- Generated by org.testng.reporters.JUnitReportReporter -->
<testsuite hostname="vamsi" failures="0" tests="1" name="testCases.TC_LoginTest" time="4.169" errors="0" timestamp="2025-09-21T21:55:42 IST" skipped="0">
  <testcase classname="testCases.TC_LoginTest" name="test_login" time="4.169"/>
</testsuite> <!-- testCases.TC_LoginTest -->
