<?xml version="1.0" encoding="UTF-8"?>
<!-- Generated by org.testng.reporters.JUnitReportReporter -->
<testsuite hostname="vamsi" failures="0" tests="1" name="testCases.TC_SearchProductTest" time="2.554" errors="0" timestamp="2025-09-22T14:30:23 IST" skipped="0">
  <testcase classname="testCases.TC_SearchProductTest" name="test_searchProduct" time="2.554"/>
</testsuite> <!-- testCases.TC_SearchProductTest -->
